p/frame259.jpg 1 0 0 1280 720
p/frame258.jpg 1 0 0 1280 720
p/frame257.jpg 1 0 0 1280 720
p/frame256.jpg 1 0 0 1280 720
p/frame255.jpg 1 0 0 1280 720
p/frame254.jpg 1 0 0 1280 720
p/frame253.jpg 1 0 0 1280 720
p/frame252.jpg 1 0 0 1280 720
p/frame251.jpg 1 0 0 1280 720
p/frame250.jpg 1 0 0 1280 720
p/frame249.jpg 1 0 0 1280 720
p/frame248.jpg 1 0 0 1280 720
p/frame247.jpg 1 0 0 1280 720
p/frame246.jpg 1 0 0 1280 720
p/frame245.jpg 1 0 0 1280 720
p/frame244.jpg 1 0 0 1280 720
p/frame243.jpg 1 0 0 1280 720
p/frame242.jpg 1 0 0 1280 720
p/frame241.jpg 1 0 0 1280 720
p/frame240.jpg 1 0 0 1280 720
p/frame239.jpg 1 0 0 1280 720
p/frame238.jpg 1 0 0 1280 720
p/frame237.jpg 1 0 0 1280 720
p/frame236.jpg 1 0 0 1280 720
p/frame235.jpg 1 0 0 1280 720
p/frame234.jpg 1 0 0 1280 720
p/frame233.jpg 1 0 0 1280 720
p/frame232.jpg 1 0 0 1280 720
p/frame231.jpg 1 0 0 1280 720
p/frame230.jpg 1 0 0 1280 720
p/frame229.jpg 1 0 0 1280 720
p/frame228.jpg 1 0 0 1280 720
p/frame227.jpg 1 0 0 1280 720
p/frame226.jpg 1 0 0 1280 720
p/frame225.jpg 1 0 0 1280 720
p/frame224.jpg 1 0 0 1280 720
p/frame223.jpg 1 0 0 1280 720
p/frame222.jpg 1 0 0 1280 720
p/frame221.jpg 1 0 0 1280 720
p/frame220.jpg 1 0 0 1280 720
p/frame219.jpg 1 0 0 1280 720
p/frame218.jpg 1 0 0 1280 720
p/frame217.jpg 1 0 0 1280 720
p/frame216.jpg 1 0 0 1280 720
p/frame215.jpg 1 0 0 1280 720
p/frame214.jpg 1 0 0 1280 720
p/frame213.jpg 1 0 0 1280 720
p/frame212.jpg 1 0 0 1280 720
p/frame211.jpg 1 0 0 1280 720
p/frame210.jpg 1 0 0 1280 720
p/frame209.jpg 1 0 0 1280 720
p/frame208.jpg 1 0 0 1280 720
p/frame207.jpg 1 0 0 1280 720
p/frame206.jpg 1 0 0 1280 720
p/frame205.jpg 1 0 0 1280 720
p/frame204.jpg 1 0 0 1280 720
p/frame203.jpg 1 0 0 1280 720
p/frame202.jpg 1 0 0 1280 720
p/frame201.jpg 1 0 0 1280 720
p/frame200.jpg 1 0 0 1280 720
p/frame199.jpg 1 0 0 1280 720
p/frame198.jpg 1 0 0 1280 720
p/frame197.jpg 1 0 0 1280 720
p/frame196.jpg 1 0 0 1280 720
p/frame195.jpg 1 0 0 1280 720
p/frame194.jpg 1 0 0 1280 720
p/frame193.jpg 1 0 0 1280 720
p/frame192.jpg 1 0 0 1280 720
p/frame191.jpg 1 0 0 1280 720
p/frame190.jpg 1 0 0 1280 720
p/frame189.jpg 1 0 0 1280 720
p/frame188.jpg 1 0 0 1280 720
p/frame187.jpg 1 0 0 1280 720
p/frame186.jpg 1 0 0 1280 720
p/frame185.jpg 1 0 0 1280 720
p/frame184.jpg 1 0 0 1280 720
p/frame183.jpg 1 0 0 1280 720
p/frame182.jpg 1 0 0 1280 720
p/frame181.jpg 1 0 0 1280 720
p/frame180.jpg 1 0 0 1280 720
p/frame179.jpg 1 0 0 1280 720
p/frame178.jpg 1 0 0 1280 720
p/frame177.jpg 1 0 0 1280 720
p/frame176.jpg 1 0 0 1280 720
p/frame175.jpg 1 0 0 1280 720
p/frame174.jpg 1 0 0 1280 720
p/frame173.jpg 1 0 0 1280 720
p/frame172.jpg 1 0 0 1280 720
p/frame171.jpg 1 0 0 1280 720
p/frame170.jpg 1 0 0 1280 720
p/frame169.jpg 1 0 0 1280 720
p/frame168.jpg 1 0 0 1280 720
p/frame167.jpg 1 0 0 1280 720
p/frame166.jpg 1 0 0 1280 720
p/frame165.jpg 1 0 0 1280 720
p/frame164.jpg 1 0 0 1280 720
p/frame163.jpg 1 0 0 1280 720
p/frame162.jpg 1 0 0 1280 720
p/frame161.jpg 1 0 0 1280 720
p/frame160.jpg 1 0 0 1280 720
p/frame159.jpg 1 0 0 1280 720
p/frame158.jpg 1 0 0 1280 720
p/frame157.jpg 1 0 0 1280 720
p/frame156.jpg 1 0 0 1280 720
p/frame155.jpg 1 0 0 1280 720
p/frame154.jpg 1 0 0 1280 720
p/frame153.jpg 1 0 0 1280 720
p/frame152.jpg 1 0 0 1280 720
p/frame151.jpg 1 0 0 1280 720
p/frame150.jpg 1 0 0 1280 720
p/frame149.jpg 1 0 0 1280 720
p/frame148.jpg 1 0 0 1280 720
p/frame147.jpg 1 0 0 1280 720
p/frame146.jpg 1 0 0 1280 720
p/frame145.jpg 1 0 0 1280 720
p/frame144.jpg 1 0 0 1280 720
p/frame143.jpg 1 0 0 1280 720
p/frame142.jpg 1 0 0 1280 720
p/frame141.jpg 1 0 0 1280 720
p/frame140.jpg 1 0 0 1280 720
p/frame139.jpg 1 0 0 1280 720
p/frame138.jpg 1 0 0 1280 720
p/frame137.jpg 1 0 0 1280 720
p/frame136.jpg 1 0 0 1280 720
p/frame135.jpg 1 0 0 1280 720
p/frame134.jpg 1 0 0 1280 720
p/frame133.jpg 1 0 0 1280 720
p/frame132.jpg 1 0 0 1280 720
p/frame131.jpg 1 0 0 1280 720
p/frame130.jpg 1 0 0 1280 720
p/frame129.jpg 1 0 0 1280 720
p/frame128.jpg 1 0 0 1280 720
p/frame127.jpg 1 0 0 1280 720
p/frame126.jpg 1 0 0 1280 720
p/frame125.jpg 1 0 0 1280 720
p/frame124.jpg 1 0 0 1280 720
p/frame123.jpg 1 0 0 1280 720
p/frame122.jpg 1 0 0 1280 720
p/frame121.jpg 1 0 0 1280 720
p/frame120.jpg 1 0 0 1280 720
p/frame119.jpg 1 0 0 1280 720
p/frame118.jpg 1 0 0 1280 720
p/frame117.jpg 1 0 0 1280 720
p/frame116.jpg 1 0 0 1280 720
p/frame115.jpg 1 0 0 1280 720
p/frame114.jpg 1 0 0 1280 720
p/frame113.jpg 1 0 0 1280 720
p/frame112.jpg 1 0 0 1280 720
p/frame111.jpg 1 0 0 1280 720
p/frame110.jpg 1 0 0 1280 720
p/frame109.jpg 1 0 0 1280 720
p/frame108.jpg 1 0 0 1280 720
p/frame107.jpg 1 0 0 1280 720
p/frame106.jpg 1 0 0 1280 720
p/frame105.jpg 1 0 0 1280 720
p/frame104.jpg 1 0 0 1280 720
p/frame103.jpg 1 0 0 1280 720
p/frame102.jpg 1 0 0 1280 720
p/frame101.jpg 1 0 0 1280 720
p/frame100.jpg 1 0 0 1280 720
p/frame99.jpg 1 0 0 1280 720
p/frame98.jpg 1 0 0 1280 720
p/frame97.jpg 1 0 0 1280 720
p/frame96.jpg 1 0 0 1280 720
p/frame95.jpg 1 0 0 1280 720
p/frame94.jpg 1 0 0 1280 720
p/frame93.jpg 1 0 0 1280 720
p/frame92.jpg 1 0 0 1280 720
p/frame91.jpg 1 0 0 1280 720
p/frame90.jpg 1 0 0 1280 720
p/frame89.jpg 1 0 0 1280 720
p/frame88.jpg 1 0 0 1280 720
p/frame87.jpg 1 0 0 1280 720
p/frame86.jpg 1 0 0 1280 720
p/frame85.jpg 1 0 0 1280 720
p/frame84.jpg 1 0 0 1280 720
p/frame83.jpg 1 0 0 1280 720
p/frame82.jpg 1 0 0 1280 720
p/frame81.jpg 1 0 0 1280 720
p/frame80.jpg 1 0 0 1280 720
p/frame79.jpg 1 0 0 1280 720
p/frame78.jpg 1 0 0 1280 720
p/frame77.jpg 1 0 0 1280 720
p/frame76.jpg 1 0 0 1280 720
p/frame75.jpg 1 0 0 1280 720
p/frame74.jpg 1 0 0 1280 720
p/frame73.jpg 1 0 0 1280 720
p/frame72.jpg 1 0 0 1280 720
p/frame71.jpg 1 0 0 1280 720
p/frame70.jpg 1 0 0 1280 720
p/frame69.jpg 1 0 0 1280 720
p/frame68.jpg 1 0 0 1280 720
p/frame67.jpg 1 0 0 1280 720
p/frame66.jpg 1 0 0 1280 720
p/frame65.jpg 1 0 0 1280 720
p/frame64.jpg 1 0 0 1280 720
p/frame63.jpg 1 0 0 1280 720
p/frame62.jpg 1 0 0 1280 720
p/frame61.jpg 1 0 0 1280 720
p/frame60.jpg 1 0 0 1280 720
p/frame59.jpg 1 0 0 1280 720
p/frame58.jpg 1 0 0 1280 720
p/frame57.jpg 1 0 0 1280 720
p/frame56.jpg 1 0 0 1280 720
p/frame55.jpg 1 0 0 1280 720
p/frame54.jpg 1 0 0 1280 720
p/frame53.jpg 1 0 0 1280 720
p/frame52.jpg 1 0 0 1280 720
p/frame51.jpg 1 0 0 1280 720
p/frame50.jpg 1 0 0 1280 720
p/frame49.jpg 1 0 0 1280 720
p/frame48.jpg 1 0 0 1280 720
p/frame47.jpg 1 0 0 1280 720
p/frame46.jpg 1 0 0 1280 720
p/frame45.jpg 1 0 0 1280 720
p/frame44.jpg 1 0 0 1280 720
p/frame43.jpg 1 0 0 1280 720
p/frame42.jpg 1 0 0 1280 720
p/frame41.jpg 1 0 0 1280 720
p/frame40.jpg 1 0 0 1280 720
p/frame39.jpg 1 0 0 1280 720
p/frame38.jpg 1 0 0 1280 720
p/frame37.jpg 1 0 0 1280 720
p/frame36.jpg 1 0 0 1280 720
p/frame35.jpg 1 0 0 1280 720
p/frame34.jpg 1 0 0 1280 720
p/frame33.jpg 1 0 0 1280 720
p/frame32.jpg 1 0 0 1280 720
p/frame31.jpg 1 0 0 1280 720
p/frame30.jpg 1 0 0 1280 720
p/frame29.jpg 1 0 0 1280 720
p/frame28.jpg 1 0 0 1280 720
p/frame27.jpg 1 0 0 1280 720
p/frame26.jpg 1 0 0 1280 720
p/frame25.jpg 1 0 0 1280 720
p/frame24.jpg 1 0 0 1280 720
p/frame23.jpg 1 0 0 1280 720
p/frame22.jpg 1 0 0 1280 720
p/frame21.jpg 1 0 0 1280 720
p/frame20.jpg 1 0 0 1280 720
p/frame19.jpg 1 0 0 1280 720
p/frame18.jpg 1 0 0 1280 720
p/frame17.jpg 1 0 0 1280 720
p/frame16.jpg 1 0 0 1280 720
p/frame15.jpg 1 0 0 1280 720
p/frame14.jpg 1 0 0 1280 720
p/frame13.jpg 1 0 0 1280 720
p/frame12.jpg 1 0 0 1280 720
p/frame11.jpg 1 0 0 1280 720
p/frame10.jpg 1 0 0 1280 720
p/frame9.jpg 1 0 0 1280 720
p/frame8.jpg 1 0 0 1280 720
p/frame7.jpg 1 0 0 1280 720
p/frame6.jpg 1 0 0 1280 720
p/frame5.jpg 1 0 0 1280 720
p/frame4.jpg 1 0 0 1280 720
p/frame3.jpg 1 0 0 1280 720
p/frame2.jpg 1 0 0 1280 720
p/frame1.jpg 1 0 0 1280 720
p/frame0.jpg 1 0 0 1280 720