p/frame185.jpg 1 0 0 720 480
p/frame184.jpg 1 0 0 720 480
p/frame183.jpg 1 0 0 720 480
p/frame182.jpg 1 0 0 720 480
p/frame181.jpg 1 0 0 720 480
p/frame180.jpg 1 0 0 720 480
p/frame179.jpg 1 0 0 720 480
p/frame178.jpg 1 0 0 720 480
p/frame177.jpg 1 0 0 720 480
p/frame176.jpg 1 0 0 720 480
p/frame175.jpg 1 0 0 720 480
p/frame174.jpg 1 0 0 720 480
p/frame173.jpg 1 0 0 720 480
p/frame172.jpg 1 0 0 720 480
p/frame171.jpg 1 0 0 720 480
p/frame170.jpg 1 0 0 720 480
p/frame169.jpg 1 0 0 720 480
p/frame168.jpg 1 0 0 720 480
p/frame167.jpg 1 0 0 720 480
p/frame166.jpg 1 0 0 720 480
p/frame165.jpg 1 0 0 720 480
p/frame164.jpg 1 0 0 720 480
p/frame163.jpg 1 0 0 720 480
p/frame162.jpg 1 0 0 720 480
p/frame161.jpg 1 0 0 720 480
p/frame160.jpg 1 0 0 720 480
p/frame159.jpg 1 0 0 720 480
p/frame158.jpg 1 0 0 720 480
p/frame157.jpg 1 0 0 720 480
p/frame156.jpg 1 0 0 720 480
p/frame155.jpg 1 0 0 720 480
p/frame154.jpg 1 0 0 720 480
p/frame153.jpg 1 0 0 720 480
p/frame152.jpg 1 0 0 720 480
p/frame151.jpg 1 0 0 720 480
p/frame150.jpg 1 0 0 720 480
p/frame149.jpg 1 0 0 720 480
p/frame148.jpg 1 0 0 720 480
p/frame147.jpg 1 0 0 720 480
p/frame146.jpg 1 0 0 720 480
p/frame145.jpg 1 0 0 720 480
p/frame144.jpg 1 0 0 720 480
p/frame143.jpg 1 0 0 720 480
p/frame142.jpg 1 0 0 720 480
p/frame141.jpg 1 0 0 720 480
p/frame140.jpg 1 0 0 720 480
p/frame139.jpg 1 0 0 720 480
p/frame138.jpg 1 0 0 720 480
p/frame137.jpg 1 0 0 720 480
p/frame102.jpg 1 0 0 720 480
p/frame101.jpg 1 0 0 720 480
p/frame100.jpg 1 0 0 720 480
p/frame99.jpg 1 0 0 720 480
p/frame98.jpg 1 0 0 720 480
p/frame97.jpg 1 0 0 720 480
p/frame96.jpg 1 0 0 720 480
p/frame95.jpg 1 0 0 720 480
p/frame94.jpg 1 0 0 720 480
p/frame93.jpg 1 0 0 720 480
p/frame92.jpg 1 0 0 720 480
p/frame91.jpg 1 0 0 720 480
p/frame90.jpg 1 0 0 720 480
p/frame89.jpg 1 0 0 720 480
p/frame88.jpg 1 0 0 720 480
p/frame87.jpg 1 0 0 720 480
p/frame86.jpg 1 0 0 720 480
p/frame85.jpg 1 0 0 720 480
p/frame84.jpg 1 0 0 720 480
p/frame83.jpg 1 0 0 720 480
p/frame82.jpg 1 0 0 720 480
p/frame81.jpg 1 0 0 720 480
p/frame80.jpg 1 0 0 720 480
p/frame79.jpg 1 0 0 720 480
p/frame78.jpg 1 0 0 720 480
p/frame77.jpg 1 0 0 720 480
p/frame76.jpg 1 0 0 720 480
p/frame75.jpg 1 0 0 720 480
p/frame74.jpg 1 0 0 720 480
p/frame73.jpg 1 0 0 720 480
p/frame72.jpg 1 0 0 720 480
p/frame71.jpg 1 0 0 720 480
p/frame70.jpg 1 0 0 720 480
p/frame69.jpg 1 0 0 720 480
p/frame68.jpg 1 0 0 720 480
p/frame67.jpg 1 0 0 720 480
p/frame66.jpg 1 0 0 720 480
p/frame65.jpg 1 0 0 720 480
p/frame64.jpg 1 0 0 720 480
p/frame63.jpg 1 0 0 720 480
p/frame62.jpg 1 0 0 720 480
p/frame61.jpg 1 0 0 720 480
p/frame60.jpg 1 0 0 720 480
p/frame59.jpg 1 0 0 720 480
p/frame58.jpg 1 0 0 720 480
p/frame57.jpg 1 0 0 720 480
p/frame56.jpg 1 0 0 720 480
p/frame55.jpg 1 0 0 720 480
p/frame54.jpg 1 0 0 720 480
p/frame53.jpg 1 0 0 720 480